<?xml version="1.0" encoding="UTF-8"?>
<testng-results skipped="0" failed="0" ignored="0" total="1" passed="1">
  <reporter-output>
  </reporter-output>
  <suite name="Default suite" duration-ms="1884" started-at="2018-12-26T00:46:54Z" finished-at="2018-12-26T00:46:56Z">
    <groups>
    </groups>
    <test name="Default test" duration-ms="1884" started-at="2018-12-26T00:46:54Z" finished-at="2018-12-26T00:46:56Z">
      <class name="com.qa.test.PostAPITest">
        <test-method status="PASS" signature="setUp()[pri:0, instance:com.qa.test.PostAPITest@2b98378d]" name="setUp" is-config="true" duration-ms="11" started-at="2018-12-26T00:46:54Z" finished-at="2018-12-26T00:46:54Z">
          <reporter-output>
          </reporter-output>
        </test-method> <!-- setUp -->
        <test-method status="PASS" signature="postAPITest()[pri:0, instance:com.qa.test.PostAPITest@2b98378d]" name="postAPITest" duration-ms="1819" started-at="2018-12-26T00:46:54Z" finished-at="2018-12-26T00:46:56Z">
          <reporter-output>
          </reporter-output>
        </test-method> <!-- postAPITest -->
      </class> <!-- com.qa.test.PostAPITest -->
    </test> <!-- Default test -->
  </suite> <!-- Default suite -->
</testng-results>
